<?xml version="1.0" encoding="UTF-8"?>
<!-- Generated by org.testng.reporters.JUnitReportReporter -->
<testsuite hostname="DESKTOP-DB4MQ84" name="ii.service.ga.HealthCheckRunner" tests="1" failures="0" timestamp="9 Mar 2022 17:52:29 GMT" time="3.770" errors="0">
  <testcase name="getResponseBody" time="3.770" classname="ii.service.ga.HealthCheckRunner"/>
</testsuite> <!-- ii.service.ga.HealthCheckRunner -->
